[debug] [2020-07-23T22:11:17.743Z] ----------------------------------------------------------------------
[debug] [2020-07-23T22:11:17.745Z] Command:       /usr/local/bin/node /usr/local/bin/firebase deploy --only functions
[debug] [2020-07-23T22:11:17.746Z] CLI Version:   8.6.0
[debug] [2020-07-23T22:11:17.746Z] Platform:      darwin
[debug] [2020-07-23T22:11:17.746Z] Node Version:  v13.1.0
[debug] [2020-07-23T22:11:17.755Z] Time:          Thu Jul 23 2020 15:11:17 GMT-0700 (Pacific Daylight Time)
[debug] [2020-07-23T22:11:17.755Z] ----------------------------------------------------------------------
[debug] [2020-07-23T22:11:17.755Z] 
[debug] [2020-07-23T22:11:17.775Z] > command requires scopes: ["email","openid","https://www.googleapis.com/auth/cloudplatformprojects.readonly","https://www.googleapis.com/auth/firebase","https://www.googleapis.com/auth/cloud-platform"]
[debug] [2020-07-23T22:11:17.775Z] > authorizing via signed-in user
[debug] [2020-07-23T22:11:17.776Z] [iam] checking project wavescrape-dev for permissions ["cloudfunctions.functions.create","cloudfunctions.functions.delete","cloudfunctions.functions.get","cloudfunctions.functions.list","cloudfunctions.functions.update","cloudfunctions.operations.get","firebase.projects.get"]
[debug] [2020-07-23T22:11:17.781Z] >>> HTTP REQUEST POST https://cloudresourcemanager.googleapis.com/v1/projects/wavescrape-dev:testIamPermissions  
 {"permissions":["cloudfunctions.functions.create","cloudfunctions.functions.delete","cloudfunctions.functions.get","cloudfunctions.functions.list","cloudfunctions.functions.update","cloudfunctions.operations.get","firebase.projects.get"]}
[debug] [2020-07-23T22:11:18.378Z] <<< HTTP RESPONSE 200 {"content-type":"application/json; charset=UTF-8","vary":"X-Origin, Referer, Origin,Accept-Encoding","date":"Thu, 23 Jul 2020 22:11:18 GMT","server":"ESF","cache-control":"private","x-xss-protection":"0","x-frame-options":"SAMEORIGIN","x-content-type-options":"nosniff","server-timing":"gfet4t7; dur=451","alt-svc":"h3-29=\":443\"; ma=2592000,h3-27=\":443\"; ma=2592000,h3-T050=\":443\"; ma=2592000,h3-Q050=\":443\"; ma=2592000,h3-Q046=\":443\"; ma=2592000,h3-Q043=\":443\"; ma=2592000,quic=\":443\"; ma=2592000; v=\"46,43\"","accept-ranges":"none","transfer-encoding":"chunked"}
[debug] [2020-07-23T22:11:18.380Z] >>> HTTP REQUEST POST https://iam.googleapis.com/v1/projects/wavescrape-dev/serviceAccounts/wavescrape-dev@appspot.gserviceaccount.com:testIamPermissions  
 {"permissions":["iam.serviceAccounts.actAs"]}
[debug] [2020-07-23T22:11:18.552Z] <<< HTTP RESPONSE 200 {"content-type":"application/json; charset=UTF-8","vary":"X-Origin, Referer, Origin,Accept-Encoding","date":"Thu, 23 Jul 2020 22:11:18 GMT","server":"ESF","cache-control":"private","x-xss-protection":"0","x-frame-options":"SAMEORIGIN","x-content-type-options":"nosniff","alt-svc":"h3-29=\":443\"; ma=2592000,h3-27=\":443\"; ma=2592000,h3-25=\":443\"; ma=2592000,h3-T050=\":443\"; ma=2592000,h3-Q050=\":443\"; ma=2592000,h3-Q046=\":443\"; ma=2592000,h3-Q043=\":443\"; ma=2592000,quic=\":443\"; ma=2592000; v=\"46,43\"","accept-ranges":"none","transfer-encoding":"chunked"}
[info] 
[info] === Deploying to 'wavescrape-dev'...
[info] 
[info] i  deploying functions 
[info] Running command: npm --prefix "$RESOURCE_DIR" run lint
[info] ✔  functions: Finished running predeploy script. 
[debug] [2020-07-23T22:11:22.634Z] > [functions] package.json contents: {
  "name": "functions",
  "description": "Cloud Functions for Firebase",
  "scripts": {
    "lint": "eslint .",
    "serve": "firebase emulators:start --only functions",
    "shell": "firebase functions:shell",
    "start": "npm run shell",
    "deploy": "firebase deploy --only functions",
    "logs": "firebase functions:log"
  },
  "engines": {
    "node": "10"
  },
  "dependencies": {
    "firebase-admin": "^8.10.0",
    "firebase-functions": "^3.6.1"
  },
  "devDependencies": {
    "eslint": "^5.12.0",
    "eslint-plugin-promise": "^4.0.1",
    "firebase-functions-test": "^0.2.0"
  },
  "private": true
}
[info] i  functions: ensuring required API cloudfunctions.googleapis.com is enabled... 
[info] i  functions: ensuring required API cloudbuild.googleapis.com is enabled... 
[debug] [2020-07-23T22:11:23.604Z] >>> HTTP REQUEST GET https://serviceusage.googleapis.com/v1/projects/wavescrape-dev/services/cloudfunctions.googleapis.com  
 
[debug] [2020-07-23T22:11:23.605Z] >>> HTTP REQUEST GET https://serviceusage.googleapis.com/v1/projects/wavescrape-dev/services/runtimeconfig.googleapis.com  
 
[debug] [2020-07-23T22:11:23.605Z] >>> HTTP REQUEST GET https://serviceusage.googleapis.com/v1/projects/wavescrape-dev/services/cloudbuild.googleapis.com  
 
[debug] [2020-07-23T22:11:24.101Z] <<< HTTP RESPONSE 200 {"content-type":"application/json; charset=UTF-8","vary":"X-Origin, Referer, Origin,Accept-Encoding","date":"Thu, 23 Jul 2020 22:11:24 GMT","server":"ESF","cache-control":"private","x-xss-protection":"0","x-frame-options":"SAMEORIGIN","x-content-type-options":"nosniff","alt-svc":"h3-29=\":443\"; ma=2592000,h3-27=\":443\"; ma=2592000,h3-25=\":443\"; ma=2592000,h3-T050=\":443\"; ma=2592000,h3-Q050=\":443\"; ma=2592000,h3-Q046=\":443\"; ma=2592000,h3-Q043=\":443\"; ma=2592000,quic=\":443\"; ma=2592000; v=\"46,43\"","accept-ranges":"none","transfer-encoding":"chunked"}
[debug] [2020-07-23T22:11:24.135Z] <<< HTTP RESPONSE 200 {"content-type":"application/json; charset=UTF-8","vary":"X-Origin, Referer, Origin,Accept-Encoding","date":"Thu, 23 Jul 2020 22:11:24 GMT","server":"ESF","cache-control":"private","x-xss-protection":"0","x-frame-options":"SAMEORIGIN","x-content-type-options":"nosniff","alt-svc":"h3-29=\":443\"; ma=2592000,h3-27=\":443\"; ma=2592000,h3-25=\":443\"; ma=2592000,h3-T050=\":443\"; ma=2592000,h3-Q050=\":443\"; ma=2592000,h3-Q046=\":443\"; ma=2592000,h3-Q043=\":443\"; ma=2592000,quic=\":443\"; ma=2592000; v=\"46,43\"","accept-ranges":"none","transfer-encoding":"chunked"}
[warn] ⚠  functions: missing required API cloudbuild.googleapis.com. Enabling now... 
[debug] [2020-07-23T22:11:24.136Z] >>> HTTP REQUEST POST https://serviceusage.googleapis.com/v1/projects/wavescrape-dev/services/cloudbuild.googleapis.com:enable  
 
[debug] [2020-07-23T22:11:24.203Z] <<< HTTP RESPONSE 200 {"content-type":"application/json; charset=UTF-8","vary":"X-Origin, Referer, Origin,Accept-Encoding","date":"Thu, 23 Jul 2020 22:11:24 GMT","server":"ESF","cache-control":"private","x-xss-protection":"0","x-frame-options":"SAMEORIGIN","x-content-type-options":"nosniff","alt-svc":"h3-29=\":443\"; ma=2592000,h3-27=\":443\"; ma=2592000,h3-25=\":443\"; ma=2592000,h3-T050=\":443\"; ma=2592000,h3-Q050=\":443\"; ma=2592000,h3-Q046=\":443\"; ma=2592000,h3-Q043=\":443\"; ma=2592000,quic=\":443\"; ma=2592000; v=\"46,43\"","accept-ranges":"none","transfer-encoding":"chunked"}
[info] ✔  functions: required API cloudfunctions.googleapis.com is enabled 
[debug] [2020-07-23T22:11:24.827Z] <<< HTTP RESPONSE 200 {"content-type":"application/json; charset=UTF-8","vary":"X-Origin, Referer, Origin,Accept-Encoding","date":"Thu, 23 Jul 2020 22:11:24 GMT","server":"ESF","cache-control":"private","x-xss-protection":"0","x-frame-options":"SAMEORIGIN","x-content-type-options":"nosniff","alt-svc":"h3-29=\":443\"; ma=2592000,h3-27=\":443\"; ma=2592000,h3-25=\":443\"; ma=2592000,h3-T050=\":443\"; ma=2592000,h3-Q050=\":443\"; ma=2592000,h3-Q046=\":443\"; ma=2592000,h3-Q043=\":443\"; ma=2592000,quic=\":443\"; ma=2592000; v=\"46,43\"","accept-ranges":"none","transfer-encoding":"chunked"}
[debug] [2020-07-23T22:11:34.831Z] >>> HTTP REQUEST GET https://serviceusage.googleapis.com/v1/projects/wavescrape-dev/services/cloudbuild.googleapis.com  
 
[debug] [2020-07-23T22:11:35.257Z] <<< HTTP RESPONSE 200 {"content-type":"application/json; charset=UTF-8","vary":"X-Origin, Referer, Origin,Accept-Encoding","date":"Thu, 23 Jul 2020 22:11:35 GMT","server":"ESF","cache-control":"private","x-xss-protection":"0","x-frame-options":"SAMEORIGIN","x-content-type-options":"nosniff","alt-svc":"h3-29=\":443\"; ma=2592000,h3-27=\":443\"; ma=2592000,h3-25=\":443\"; ma=2592000,h3-T050=\":443\"; ma=2592000,h3-Q050=\":443\"; ma=2592000,h3-Q046=\":443\"; ma=2592000,h3-Q043=\":443\"; ma=2592000,quic=\":443\"; ma=2592000; v=\"46,43\"","accept-ranges":"none","transfer-encoding":"chunked"}
[info] ✔  functions: required API cloudbuild.googleapis.com is enabled 
[debug] [2020-07-23T22:11:35.268Z] >>> HTTP REQUEST GET https://firebase.googleapis.com/v1beta1/projects/wavescrape-dev/adminSdkConfig  
 
[debug] [2020-07-23T22:11:35.576Z] <<< HTTP RESPONSE 200 {"content-type":"application/json; charset=UTF-8","vary":"X-Origin, Referer, Origin,Accept-Encoding","date":"Thu, 23 Jul 2020 22:11:35 GMT","server":"ESF","cache-control":"private","x-xss-protection":"0","x-frame-options":"SAMEORIGIN","x-content-type-options":"nosniff","alt-svc":"h3-29=\":443\"; ma=2592000,h3-27=\":443\"; ma=2592000,h3-T050=\":443\"; ma=2592000,h3-Q050=\":443\"; ma=2592000,h3-Q046=\":443\"; ma=2592000,h3-Q043=\":443\"; ma=2592000,quic=\":443\"; ma=2592000; v=\"46,43\"","accept-ranges":"none","transfer-encoding":"chunked"}
[info] i  functions: preparing functions directory for uploading... 
[debug] [2020-07-23T22:11:35.579Z] >>> HTTP REQUEST GET https://runtimeconfig.googleapis.com/v1beta1/projects/wavescrape-dev/configs  
 
[debug] [2020-07-23T22:11:36.127Z] <<< HTTP RESPONSE 200 {"content-type":"application/json; charset=UTF-8","vary":"X-Origin, Referer, Origin,Accept-Encoding","date":"Thu, 23 Jul 2020 22:11:36 GMT","server":"ESF","cache-control":"private","x-xss-protection":"0","x-frame-options":"SAMEORIGIN","x-content-type-options":"nosniff","alt-svc":"h3-29=\":443\"; ma=2592000,h3-27=\":443\"; ma=2592000,h3-T050=\":443\"; ma=2592000,h3-Q050=\":443\"; ma=2592000,h3-Q046=\":443\"; ma=2592000,h3-Q043=\":443\"; ma=2592000,quic=\":443\"; ma=2592000; v=\"46,43\"","accept-ranges":"none","transfer-encoding":"chunked"}
[info] i  functions: packaged functions (40.15 KB) for uploading 
[debug] [2020-07-23T22:11:36.308Z] >>> HTTP REQUEST GET https://cloudfunctions.googleapis.com/v1/projects/wavescrape-dev/locations/-/functions  
 
[debug] [2020-07-23T22:11:36.789Z] <<< HTTP RESPONSE 200 {"content-type":"application/json; charset=UTF-8","vary":"X-Origin, Referer, Origin,Accept-Encoding","date":"Thu, 23 Jul 2020 22:11:36 GMT","server":"ESF","cache-control":"private","x-xss-protection":"0","x-frame-options":"SAMEORIGIN","x-content-type-options":"nosniff","alt-svc":"h3-29=\":443\"; ma=2592000,h3-27=\":443\"; ma=2592000,h3-T050=\":443\"; ma=2592000,h3-Q050=\":443\"; ma=2592000,h3-Q046=\":443\"; ma=2592000,h3-Q043=\":443\"; ma=2592000,quic=\":443\"; ma=2592000; v=\"46,43\"","accept-ranges":"none","transfer-encoding":"chunked"}
[debug] [2020-07-23T22:11:36.792Z] [functions] found 1 new HTTP functions, testing setIamPolicy permission...
[debug] [2020-07-23T22:11:36.792Z] >>> HTTP REQUEST POST https://cloudresourcemanager.googleapis.com/v1/projects/wavescrape-dev:testIamPermissions  
 {"permissions":["cloudfunctions.functions.setIamPolicy"]}
[debug] [2020-07-23T22:11:36.946Z] <<< HTTP RESPONSE 200 {"content-type":"application/json; charset=UTF-8","vary":"X-Origin, Referer, Origin,Accept-Encoding","date":"Thu, 23 Jul 2020 22:11:36 GMT","server":"ESF","cache-control":"private","x-xss-protection":"0","x-frame-options":"SAMEORIGIN","x-content-type-options":"nosniff","server-timing":"gfet4t7; dur=61","alt-svc":"h3-29=\":443\"; ma=2592000,h3-27=\":443\"; ma=2592000,h3-T050=\":443\"; ma=2592000,h3-Q050=\":443\"; ma=2592000,h3-Q046=\":443\"; ma=2592000,h3-Q043=\":443\"; ma=2592000,quic=\":443\"; ma=2592000; v=\"46,43\"","accept-ranges":"none","transfer-encoding":"chunked"}
[debug] [2020-07-23T22:11:36.947Z] [functions] found setIamPolicy permission, proceeding with deploy
[debug] [2020-07-23T22:11:36.948Z] >>> HTTP REQUEST POST https://cloudfunctions.googleapis.com/v1/projects/wavescrape-dev/locations/us-central1/functions:generateUploadUrl  
 
[debug] [2020-07-23T22:11:43.677Z] <<< HTTP RESPONSE 200 {"content-type":"application/json; charset=UTF-8","vary":"X-Origin, Referer, Origin,Accept-Encoding","date":"Thu, 23 Jul 2020 22:11:43 GMT","server":"ESF","cache-control":"private","x-xss-protection":"0","x-frame-options":"SAMEORIGIN","x-content-type-options":"nosniff","alt-svc":"h3-29=\":443\"; ma=2592000,h3-27=\":443\"; ma=2592000,h3-T050=\":443\"; ma=2592000,h3-Q050=\":443\"; ma=2592000,h3-Q046=\":443\"; ma=2592000,h3-Q043=\":443\"; ma=2592000,quic=\":443\"; ma=2592000; v=\"46,43\"","accept-ranges":"none","transfer-encoding":"chunked"}
[debug] [2020-07-23T22:11:43.677Z] >>> HTTP REQUEST PUT https://storage.googleapis.com/gcf-upload-us-central1-c19bc7b0-e1fe-4995-9c82-1e3d548e4dc8/a3e984d3-7ea7-4284-bcba-d8fa8ec6f06c.zip?GoogleAccessId=service-858545508127@gcf-admin-robot.iam.gserviceaccount.com&Expires=1595544103&Signature=bKI7eya3ZHmAoAzenT5%2Fal2awnndLGG1Fmxt5sJMGs%2Bzo30fzxWNtpogVJOpfF%2FzVfsnFLYtRLqKWUX%2BayqscLaJmUqeLy8rxXUPFQ2YTL8yLuCUVDiyRQJSXPxQBBZ1ENDWkQuW%2Fam4ewU1oATBpTxWOqv3dhX6ppWm7Mnv0X%2Fjd83LR3bQVndulA06UKK3ycpI9JFoxJqsTZWINshb9K3TAvpmT4hOMw11WQkHE%2Fjnvs7%2FEjr91BReSIjCIl9U1WQ5TxbcSpwndmOOAcVhmIYSEuIMPimEFE3MZGMQL4UJBfEVtXhSpgSnNyHp%2B6NKZGjoa7FAZbRD8xvmQ%2FstJw%3D%3D  
 <request body omitted>
[debug] [2020-07-23T22:11:44.070Z] <<< HTTP RESPONSE 200 {"x-guploader-uploadid":"AAANsUkuCYP1VAVWy7VVm3TxcpRdziXoW89YP20KcSXpQeReS0os28Yl9re6eilMs-nh_chU8_fpZm0h64W9FaoUkA","etag":"\"17a7d474729c776f4708577ad8409a86\"","x-goog-generation":"1595542304031679","x-goog-metageneration":"1","x-goog-hash":"crc32c=GllK2g==, md5=F6fUdHKcd29HCFd62ECahg==","x-goog-stored-content-length":"41112","x-goog-stored-content-encoding":"identity","vary":"Origin","content-length":"0","date":"Thu, 23 Jul 2020 22:11:44 GMT","server":"UploadServer","content-type":"text/html; charset=UTF-8","alt-svc":"h3-29=\":443\"; ma=2592000,h3-27=\":443\"; ma=2592000,h3-T050=\":443\"; ma=2592000,h3-Q050=\":443\"; ma=2592000,h3-Q046=\":443\"; ma=2592000,h3-Q043=\":443\"; ma=2592000,quic=\":443\"; ma=2592000; v=\"46,43\""}
[info] ✔  functions: functions folder uploaded successfully 
[info] i  functions: creating Node.js 10 function helloWorld(us-central1)... 
[debug] [2020-07-23T22:11:44.073Z] Trigger is:  {"httpsTrigger":{}}
[debug] [2020-07-23T22:11:44.075Z] >>> HTTP REQUEST POST https://cloudfunctions.googleapis.com/v1/projects/wavescrape-dev/locations/us-central1/functions  
 {"sourceUploadUrl":"https://storage.googleapis.com/gcf-upload-us-central1-c19bc7b0-e1fe-4995-9c82-1e3d548e4dc8/a3e984d3-7ea7-4284-bcba-d8fa8ec6f06c.zip?GoogleAccessId=service-858545508127@gcf-admin-robot.iam.gserviceaccount.com&Expires=1595544103&Signature=bKI7eya3ZHmAoAzenT5%2Fal2awnndLGG1Fmxt5sJMGs%2Bzo30fzxWNtpogVJOpfF%2FzVfsnFLYtRLqKWUX%2BayqscLaJmUqeLy8rxXUPFQ2YTL8yLuCUVDiyRQJSXPxQBBZ1ENDWkQuW%2Fam4ewU1oATBpTxWOqv3dhX6ppWm7Mnv0X%2Fjd83LR3bQVndulA06UKK3ycpI9JFoxJqsTZWINshb9K3TAvpmT4hOMw11WQkHE%2Fjnvs7%2FEjr91BReSIjCIl9U1WQ5TxbcSpwndmOOAcVhmIYSEuIMPimEFE3MZGMQL4UJBfEVtXhSpgSnNyHp%2B6NKZGjoa7FAZbRD8xvmQ%2FstJw%3D%3D","name":"projects/wavescrape-dev/locations/us-central1/functions/helloWorld","entryPoint":"helloWorld","labels":{"deployment-tool":"cli-firebase"},"runtime":"nodejs10","environmentVariables":{"FIREBASE_CONFIG":"{\"projectId\":\"wavescrape-dev\",\"databaseURL\":\"https://wavescrape-dev.firebaseio.com\",\"storageBucket\":\"wavescrape-dev.appspot.com\",\"locationId\":\"us-central\"}"},"httpsTrigger":{}}
[debug] [2020-07-23T22:11:44.869Z] <<< HTTP RESPONSE 200 {"content-type":"application/json; charset=UTF-8","vary":"X-Origin, Referer, Origin,Accept-Encoding","date":"Thu, 23 Jul 2020 22:11:44 GMT","server":"ESF","cache-control":"private","x-xss-protection":"0","x-frame-options":"SAMEORIGIN","x-content-type-options":"nosniff","alt-svc":"h3-29=\":443\"; ma=2592000,h3-27=\":443\"; ma=2592000,h3-T050=\":443\"; ma=2592000,h3-Q050=\":443\"; ma=2592000,h3-Q046=\":443\"; ma=2592000,h3-Q043=\":443\"; ma=2592000,quic=\":443\"; ma=2592000; v=\"46,43\"","accept-ranges":"none","transfer-encoding":"chunked"}
[debug] [2020-07-23T22:11:44.870Z] Setting public policy for function helloWorld
[debug] [2020-07-23T22:11:44.870Z] >>> HTTP REQUEST POST https://cloudfunctions.googleapis.com/v1/projects/wavescrape-dev/locations/us-central1/functions/helloWorld:setIamPolicy  
 {"policy":{"version":3,"bindings":[{"role":"roles/cloudfunctions.invoker","members":["allUsers"]}]},"updateMask":"version,bindings"}
[debug] [2020-07-23T22:11:45.198Z] <<< HTTP RESPONSE 200 {"content-type":"application/json; charset=UTF-8","vary":"X-Origin, Referer, Origin,Accept-Encoding","date":"Thu, 23 Jul 2020 22:11:45 GMT","server":"ESF","cache-control":"private","x-xss-protection":"0","x-frame-options":"SAMEORIGIN","x-content-type-options":"nosniff","alt-svc":"h3-29=\":443\"; ma=2592000,h3-27=\":443\"; ma=2592000,h3-T050=\":443\"; ma=2592000,h3-Q050=\":443\"; ma=2592000,h3-Q046=\":443\"; ma=2592000,h3-Q043=\":443\"; ma=2592000,quic=\":443\"; ma=2592000; v=\"46,43\"","accept-ranges":"none","transfer-encoding":"chunked"}
[debug] [2020-07-23T22:11:45.200Z] >>> HTTP REQUEST GET https://cloudfunctions.googleapis.com/v1/projects/wavescrape-dev/locations/-/functions  
 
[debug] [2020-07-23T22:11:45.624Z] <<< HTTP RESPONSE 200 {"content-type":"application/json; charset=UTF-8","vary":"X-Origin, Referer, Origin,Accept-Encoding","date":"Thu, 23 Jul 2020 22:11:45 GMT","server":"ESF","cache-control":"private","x-xss-protection":"0","x-frame-options":"SAMEORIGIN","x-content-type-options":"nosniff","alt-svc":"h3-29=\":443\"; ma=2592000,h3-27=\":443\"; ma=2592000,h3-T050=\":443\"; ma=2592000,h3-Q050=\":443\"; ma=2592000,h3-Q046=\":443\"; ma=2592000,h3-Q043=\":443\"; ma=2592000,quic=\":443\"; ma=2592000; v=\"46,43\"","accept-ranges":"none","transfer-encoding":"chunked"}
[debug] [2020-07-23T22:11:45.625Z] >>> HTTP REQUEST GET https://cloudfunctions.googleapis.com/v1/operations/d2F2ZXNjcmFwZS1kZXYvdXMtY2VudHJhbDEvaGVsbG9Xb3JsZC9kSW1tY1lBcDhXaw  
 
[debug] [2020-07-23T22:11:45.869Z] <<< HTTP RESPONSE 200 {"content-type":"application/json; charset=UTF-8","vary":"X-Origin, Referer, Origin,Accept-Encoding","date":"Thu, 23 Jul 2020 22:11:45 GMT","server":"ESF","cache-control":"private","x-xss-protection":"0","x-frame-options":"SAMEORIGIN","x-content-type-options":"nosniff","alt-svc":"h3-29=\":443\"; ma=2592000,h3-27=\":443\"; ma=2592000,h3-T050=\":443\"; ma=2592000,h3-Q050=\":443\"; ma=2592000,h3-Q046=\":443\"; ma=2592000,h3-Q043=\":443\"; ma=2592000,quic=\":443\"; ma=2592000; v=\"46,43\"","accept-ranges":"none","transfer-encoding":"chunked"}
[debug] [2020-07-23T22:11:47.875Z] >>> HTTP REQUEST GET https://cloudfunctions.googleapis.com/v1/operations/d2F2ZXNjcmFwZS1kZXYvdXMtY2VudHJhbDEvaGVsbG9Xb3JsZC9kSW1tY1lBcDhXaw  
 
[debug] [2020-07-23T22:11:48.137Z] <<< HTTP RESPONSE 200 {"content-type":"application/json; charset=UTF-8","vary":"X-Origin, Referer, Origin,Accept-Encoding","date":"Thu, 23 Jul 2020 22:11:48 GMT","server":"ESF","cache-control":"private","x-xss-protection":"0","x-frame-options":"SAMEORIGIN","x-content-type-options":"nosniff","alt-svc":"h3-29=\":443\"; ma=2592000,h3-27=\":443\"; ma=2592000,h3-T050=\":443\"; ma=2592000,h3-Q050=\":443\"; ma=2592000,h3-Q046=\":443\"; ma=2592000,h3-Q043=\":443\"; ma=2592000,quic=\":443\"; ma=2592000; v=\"46,43\"","accept-ranges":"none","transfer-encoding":"chunked"}
[debug] [2020-07-23T22:11:50.141Z] >>> HTTP REQUEST GET https://cloudfunctions.googleapis.com/v1/operations/d2F2ZXNjcmFwZS1kZXYvdXMtY2VudHJhbDEvaGVsbG9Xb3JsZC9kSW1tY1lBcDhXaw  
 
[debug] [2020-07-23T22:11:50.344Z] <<< HTTP RESPONSE 200 {"content-type":"application/json; charset=UTF-8","vary":"X-Origin, Referer, Origin,Accept-Encoding","date":"Thu, 23 Jul 2020 22:11:50 GMT","server":"ESF","cache-control":"private","x-xss-protection":"0","x-frame-options":"SAMEORIGIN","x-content-type-options":"nosniff","alt-svc":"h3-29=\":443\"; ma=2592000,h3-27=\":443\"; ma=2592000,h3-T050=\":443\"; ma=2592000,h3-Q050=\":443\"; ma=2592000,h3-Q046=\":443\"; ma=2592000,h3-Q043=\":443\"; ma=2592000,quic=\":443\"; ma=2592000; v=\"46,43\"","accept-ranges":"none","transfer-encoding":"chunked"}
[debug] [2020-07-23T22:11:52.347Z] >>> HTTP REQUEST GET https://cloudfunctions.googleapis.com/v1/operations/d2F2ZXNjcmFwZS1kZXYvdXMtY2VudHJhbDEvaGVsbG9Xb3JsZC9kSW1tY1lBcDhXaw  
 
[debug] [2020-07-23T22:11:52.592Z] <<< HTTP RESPONSE 200 {"content-type":"application/json; charset=UTF-8","vary":"X-Origin, Referer, Origin,Accept-Encoding","date":"Thu, 23 Jul 2020 22:11:52 GMT","server":"ESF","cache-control":"private","x-xss-protection":"0","x-frame-options":"SAMEORIGIN","x-content-type-options":"nosniff","alt-svc":"h3-29=\":443\"; ma=2592000,h3-27=\":443\"; ma=2592000,h3-T050=\":443\"; ma=2592000,h3-Q050=\":443\"; ma=2592000,h3-Q046=\":443\"; ma=2592000,h3-Q043=\":443\"; ma=2592000,quic=\":443\"; ma=2592000; v=\"46,43\"","accept-ranges":"none","transfer-encoding":"chunked"}
[debug] [2020-07-23T22:11:54.596Z] >>> HTTP REQUEST GET https://cloudfunctions.googleapis.com/v1/operations/d2F2ZXNjcmFwZS1kZXYvdXMtY2VudHJhbDEvaGVsbG9Xb3JsZC9kSW1tY1lBcDhXaw  
 
[debug] [2020-07-23T22:11:54.814Z] <<< HTTP RESPONSE 200 {"content-type":"application/json; charset=UTF-8","vary":"X-Origin, Referer, Origin,Accept-Encoding","date":"Thu, 23 Jul 2020 22:11:54 GMT","server":"ESF","cache-control":"private","x-xss-protection":"0","x-frame-options":"SAMEORIGIN","x-content-type-options":"nosniff","alt-svc":"h3-29=\":443\"; ma=2592000,h3-27=\":443\"; ma=2592000,h3-T050=\":443\"; ma=2592000,h3-Q050=\":443\"; ma=2592000,h3-Q046=\":443\"; ma=2592000,h3-Q043=\":443\"; ma=2592000,quic=\":443\"; ma=2592000; v=\"46,43\"","accept-ranges":"none","transfer-encoding":"chunked"}
[debug] [2020-07-23T22:11:56.818Z] >>> HTTP REQUEST GET https://cloudfunctions.googleapis.com/v1/operations/d2F2ZXNjcmFwZS1kZXYvdXMtY2VudHJhbDEvaGVsbG9Xb3JsZC9kSW1tY1lBcDhXaw  
 
[debug] [2020-07-23T22:11:57.055Z] <<< HTTP RESPONSE 200 {"content-type":"application/json; charset=UTF-8","vary":"X-Origin, Referer, Origin,Accept-Encoding","date":"Thu, 23 Jul 2020 22:11:57 GMT","server":"ESF","cache-control":"private","x-xss-protection":"0","x-frame-options":"SAMEORIGIN","x-content-type-options":"nosniff","alt-svc":"h3-29=\":443\"; ma=2592000,h3-27=\":443\"; ma=2592000,h3-T050=\":443\"; ma=2592000,h3-Q050=\":443\"; ma=2592000,h3-Q046=\":443\"; ma=2592000,h3-Q043=\":443\"; ma=2592000,quic=\":443\"; ma=2592000; v=\"46,43\"","accept-ranges":"none","transfer-encoding":"chunked"}
[debug] [2020-07-23T22:11:59.056Z] >>> HTTP REQUEST GET https://cloudfunctions.googleapis.com/v1/operations/d2F2ZXNjcmFwZS1kZXYvdXMtY2VudHJhbDEvaGVsbG9Xb3JsZC9kSW1tY1lBcDhXaw  
 
[debug] [2020-07-23T22:11:59.267Z] <<< HTTP RESPONSE 200 {"content-type":"application/json; charset=UTF-8","vary":"X-Origin, Referer, Origin,Accept-Encoding","date":"Thu, 23 Jul 2020 22:11:59 GMT","server":"ESF","cache-control":"private","x-xss-protection":"0","x-frame-options":"SAMEORIGIN","x-content-type-options":"nosniff","alt-svc":"h3-29=\":443\"; ma=2592000,h3-27=\":443\"; ma=2592000,h3-T050=\":443\"; ma=2592000,h3-Q050=\":443\"; ma=2592000,h3-Q046=\":443\"; ma=2592000,h3-Q043=\":443\"; ma=2592000,quic=\":443\"; ma=2592000; v=\"46,43\"","accept-ranges":"none","transfer-encoding":"chunked"}
[debug] [2020-07-23T22:12:01.268Z] >>> HTTP REQUEST GET https://cloudfunctions.googleapis.com/v1/operations/d2F2ZXNjcmFwZS1kZXYvdXMtY2VudHJhbDEvaGVsbG9Xb3JsZC9kSW1tY1lBcDhXaw  
 
[debug] [2020-07-23T22:12:01.506Z] <<< HTTP RESPONSE 200 {"content-type":"application/json; charset=UTF-8","vary":"X-Origin, Referer, Origin,Accept-Encoding","date":"Thu, 23 Jul 2020 22:12:01 GMT","server":"ESF","cache-control":"private","x-xss-protection":"0","x-frame-options":"SAMEORIGIN","x-content-type-options":"nosniff","alt-svc":"h3-29=\":443\"; ma=2592000,h3-27=\":443\"; ma=2592000,h3-T050=\":443\"; ma=2592000,h3-Q050=\":443\"; ma=2592000,h3-Q046=\":443\"; ma=2592000,h3-Q043=\":443\"; ma=2592000,quic=\":443\"; ma=2592000; v=\"46,43\"","accept-ranges":"none","transfer-encoding":"chunked"}
[debug] [2020-07-23T22:12:03.512Z] >>> HTTP REQUEST GET https://cloudfunctions.googleapis.com/v1/operations/d2F2ZXNjcmFwZS1kZXYvdXMtY2VudHJhbDEvaGVsbG9Xb3JsZC9kSW1tY1lBcDhXaw  
 
[debug] [2020-07-23T22:12:03.730Z] <<< HTTP RESPONSE 200 {"content-type":"application/json; charset=UTF-8","vary":"X-Origin, Referer, Origin,Accept-Encoding","date":"Thu, 23 Jul 2020 22:12:03 GMT","server":"ESF","cache-control":"private","x-xss-protection":"0","x-frame-options":"SAMEORIGIN","x-content-type-options":"nosniff","alt-svc":"h3-29=\":443\"; ma=2592000,h3-27=\":443\"; ma=2592000,h3-T050=\":443\"; ma=2592000,h3-Q050=\":443\"; ma=2592000,h3-Q046=\":443\"; ma=2592000,h3-Q043=\":443\"; ma=2592000,quic=\":443\"; ma=2592000; v=\"46,43\"","accept-ranges":"none","transfer-encoding":"chunked"}
[debug] [2020-07-23T22:12:05.731Z] >>> HTTP REQUEST GET https://cloudfunctions.googleapis.com/v1/operations/d2F2ZXNjcmFwZS1kZXYvdXMtY2VudHJhbDEvaGVsbG9Xb3JsZC9kSW1tY1lBcDhXaw  
 
[debug] [2020-07-23T22:12:05.986Z] <<< HTTP RESPONSE 200 {"content-type":"application/json; charset=UTF-8","vary":"X-Origin, Referer, Origin,Accept-Encoding","date":"Thu, 23 Jul 2020 22:12:05 GMT","server":"ESF","cache-control":"private","x-xss-protection":"0","x-frame-options":"SAMEORIGIN","x-content-type-options":"nosniff","alt-svc":"h3-29=\":443\"; ma=2592000,h3-27=\":443\"; ma=2592000,h3-T050=\":443\"; ma=2592000,h3-Q050=\":443\"; ma=2592000,h3-Q046=\":443\"; ma=2592000,h3-Q043=\":443\"; ma=2592000,quic=\":443\"; ma=2592000; v=\"46,43\"","accept-ranges":"none","transfer-encoding":"chunked"}
[debug] [2020-07-23T22:12:07.987Z] >>> HTTP REQUEST GET https://cloudfunctions.googleapis.com/v1/operations/d2F2ZXNjcmFwZS1kZXYvdXMtY2VudHJhbDEvaGVsbG9Xb3JsZC9kSW1tY1lBcDhXaw  
 
[debug] [2020-07-23T22:12:08.214Z] <<< HTTP RESPONSE 200 {"content-type":"application/json; charset=UTF-8","vary":"X-Origin, Referer, Origin,Accept-Encoding","date":"Thu, 23 Jul 2020 22:12:08 GMT","server":"ESF","cache-control":"private","x-xss-protection":"0","x-frame-options":"SAMEORIGIN","x-content-type-options":"nosniff","alt-svc":"h3-29=\":443\"; ma=2592000,h3-27=\":443\"; ma=2592000,h3-T050=\":443\"; ma=2592000,h3-Q050=\":443\"; ma=2592000,h3-Q046=\":443\"; ma=2592000,h3-Q043=\":443\"; ma=2592000,quic=\":443\"; ma=2592000; v=\"46,43\"","accept-ranges":"none","transfer-encoding":"chunked"}
[debug] [2020-07-23T22:12:10.217Z] >>> HTTP REQUEST GET https://cloudfunctions.googleapis.com/v1/operations/d2F2ZXNjcmFwZS1kZXYvdXMtY2VudHJhbDEvaGVsbG9Xb3JsZC9kSW1tY1lBcDhXaw  
 
[debug] [2020-07-23T22:12:10.450Z] <<< HTTP RESPONSE 200 {"content-type":"application/json; charset=UTF-8","vary":"X-Origin, Referer, Origin,Accept-Encoding","date":"Thu, 23 Jul 2020 22:12:10 GMT","server":"ESF","cache-control":"private","x-xss-protection":"0","x-frame-options":"SAMEORIGIN","x-content-type-options":"nosniff","alt-svc":"h3-29=\":443\"; ma=2592000,h3-27=\":443\"; ma=2592000,h3-T050=\":443\"; ma=2592000,h3-Q050=\":443\"; ma=2592000,h3-Q046=\":443\"; ma=2592000,h3-Q043=\":443\"; ma=2592000,quic=\":443\"; ma=2592000; v=\"46,43\"","accept-ranges":"none","transfer-encoding":"chunked"}
[debug] [2020-07-23T22:12:12.453Z] >>> HTTP REQUEST GET https://cloudfunctions.googleapis.com/v1/operations/d2F2ZXNjcmFwZS1kZXYvdXMtY2VudHJhbDEvaGVsbG9Xb3JsZC9kSW1tY1lBcDhXaw  
 
[debug] [2020-07-23T22:12:12.666Z] <<< HTTP RESPONSE 200 {"content-type":"application/json; charset=UTF-8","vary":"X-Origin, Referer, Origin,Accept-Encoding","date":"Thu, 23 Jul 2020 22:12:12 GMT","server":"ESF","cache-control":"private","x-xss-protection":"0","x-frame-options":"SAMEORIGIN","x-content-type-options":"nosniff","alt-svc":"h3-29=\":443\"; ma=2592000,h3-27=\":443\"; ma=2592000,h3-T050=\":443\"; ma=2592000,h3-Q050=\":443\"; ma=2592000,h3-Q046=\":443\"; ma=2592000,h3-Q043=\":443\"; ma=2592000,quic=\":443\"; ma=2592000; v=\"46,43\"","accept-ranges":"none","transfer-encoding":"chunked"}
[debug] [2020-07-23T22:12:14.668Z] >>> HTTP REQUEST GET https://cloudfunctions.googleapis.com/v1/operations/d2F2ZXNjcmFwZS1kZXYvdXMtY2VudHJhbDEvaGVsbG9Xb3JsZC9kSW1tY1lBcDhXaw  
 
[debug] [2020-07-23T22:12:14.879Z] <<< HTTP RESPONSE 200 {"content-type":"application/json; charset=UTF-8","vary":"X-Origin, Referer, Origin,Accept-Encoding","date":"Thu, 23 Jul 2020 22:12:14 GMT","server":"ESF","cache-control":"private","x-xss-protection":"0","x-frame-options":"SAMEORIGIN","x-content-type-options":"nosniff","alt-svc":"h3-29=\":443\"; ma=2592000,h3-27=\":443\"; ma=2592000,h3-T050=\":443\"; ma=2592000,h3-Q050=\":443\"; ma=2592000,h3-Q046=\":443\"; ma=2592000,h3-Q043=\":443\"; ma=2592000,quic=\":443\"; ma=2592000; v=\"46,43\"","accept-ranges":"none","transfer-encoding":"chunked"}
[debug] [2020-07-23T22:12:16.880Z] >>> HTTP REQUEST GET https://cloudfunctions.googleapis.com/v1/operations/d2F2ZXNjcmFwZS1kZXYvdXMtY2VudHJhbDEvaGVsbG9Xb3JsZC9kSW1tY1lBcDhXaw  
 
[debug] [2020-07-23T22:12:17.075Z] <<< HTTP RESPONSE 200 {"content-type":"application/json; charset=UTF-8","vary":"X-Origin, Referer, Origin,Accept-Encoding","date":"Thu, 23 Jul 2020 22:12:17 GMT","server":"ESF","cache-control":"private","x-xss-protection":"0","x-frame-options":"SAMEORIGIN","x-content-type-options":"nosniff","alt-svc":"h3-29=\":443\"; ma=2592000,h3-27=\":443\"; ma=2592000,h3-T050=\":443\"; ma=2592000,h3-Q050=\":443\"; ma=2592000,h3-Q046=\":443\"; ma=2592000,h3-Q043=\":443\"; ma=2592000,quic=\":443\"; ma=2592000; v=\"46,43\"","accept-ranges":"none","transfer-encoding":"chunked"}
[debug] [2020-07-23T22:12:19.075Z] >>> HTTP REQUEST GET https://cloudfunctions.googleapis.com/v1/operations/d2F2ZXNjcmFwZS1kZXYvdXMtY2VudHJhbDEvaGVsbG9Xb3JsZC9kSW1tY1lBcDhXaw  
 
[debug] [2020-07-23T22:12:19.291Z] <<< HTTP RESPONSE 200 {"content-type":"application/json; charset=UTF-8","vary":"X-Origin, Referer, Origin,Accept-Encoding","date":"Thu, 23 Jul 2020 22:12:19 GMT","server":"ESF","cache-control":"private","x-xss-protection":"0","x-frame-options":"SAMEORIGIN","x-content-type-options":"nosniff","alt-svc":"h3-29=\":443\"; ma=2592000,h3-27=\":443\"; ma=2592000,h3-T050=\":443\"; ma=2592000,h3-Q050=\":443\"; ma=2592000,h3-Q046=\":443\"; ma=2592000,h3-Q043=\":443\"; ma=2592000,quic=\":443\"; ma=2592000; v=\"46,43\"","accept-ranges":"none","transfer-encoding":"chunked"}
[debug] [2020-07-23T22:12:21.294Z] >>> HTTP REQUEST GET https://cloudfunctions.googleapis.com/v1/operations/d2F2ZXNjcmFwZS1kZXYvdXMtY2VudHJhbDEvaGVsbG9Xb3JsZC9kSW1tY1lBcDhXaw  
 
[debug] [2020-07-23T22:12:21.501Z] <<< HTTP RESPONSE 200 {"content-type":"application/json; charset=UTF-8","vary":"X-Origin, Referer, Origin,Accept-Encoding","date":"Thu, 23 Jul 2020 22:12:21 GMT","server":"ESF","cache-control":"private","x-xss-protection":"0","x-frame-options":"SAMEORIGIN","x-content-type-options":"nosniff","alt-svc":"h3-29=\":443\"; ma=2592000,h3-27=\":443\"; ma=2592000,h3-T050=\":443\"; ma=2592000,h3-Q050=\":443\"; ma=2592000,h3-Q046=\":443\"; ma=2592000,h3-Q043=\":443\"; ma=2592000,quic=\":443\"; ma=2592000; v=\"46,43\"","accept-ranges":"none","transfer-encoding":"chunked"}
[debug] [2020-07-23T22:12:23.505Z] >>> HTTP REQUEST GET https://cloudfunctions.googleapis.com/v1/operations/d2F2ZXNjcmFwZS1kZXYvdXMtY2VudHJhbDEvaGVsbG9Xb3JsZC9kSW1tY1lBcDhXaw  
 
[debug] [2020-07-23T22:12:23.731Z] <<< HTTP RESPONSE 200 {"content-type":"application/json; charset=UTF-8","vary":"X-Origin, Referer, Origin,Accept-Encoding","date":"Thu, 23 Jul 2020 22:12:23 GMT","server":"ESF","cache-control":"private","x-xss-protection":"0","x-frame-options":"SAMEORIGIN","x-content-type-options":"nosniff","alt-svc":"h3-29=\":443\"; ma=2592000,h3-27=\":443\"; ma=2592000,h3-T050=\":443\"; ma=2592000,h3-Q050=\":443\"; ma=2592000,h3-Q046=\":443\"; ma=2592000,h3-Q043=\":443\"; ma=2592000,quic=\":443\"; ma=2592000; v=\"46,43\"","accept-ranges":"none","transfer-encoding":"chunked"}
[debug] [2020-07-23T22:12:25.737Z] >>> HTTP REQUEST GET https://cloudfunctions.googleapis.com/v1/operations/d2F2ZXNjcmFwZS1kZXYvdXMtY2VudHJhbDEvaGVsbG9Xb3JsZC9kSW1tY1lBcDhXaw  
 
[debug] [2020-07-23T22:12:25.958Z] <<< HTTP RESPONSE 200 {"content-type":"application/json; charset=UTF-8","vary":"X-Origin, Referer, Origin,Accept-Encoding","date":"Thu, 23 Jul 2020 22:12:25 GMT","server":"ESF","cache-control":"private","x-xss-protection":"0","x-frame-options":"SAMEORIGIN","x-content-type-options":"nosniff","alt-svc":"h3-29=\":443\"; ma=2592000,h3-27=\":443\"; ma=2592000,h3-T050=\":443\"; ma=2592000,h3-Q050=\":443\"; ma=2592000,h3-Q046=\":443\"; ma=2592000,h3-Q043=\":443\"; ma=2592000,quic=\":443\"; ma=2592000; v=\"46,43\"","accept-ranges":"none","transfer-encoding":"chunked"}
[debug] [2020-07-23T22:12:27.960Z] >>> HTTP REQUEST GET https://cloudfunctions.googleapis.com/v1/operations/d2F2ZXNjcmFwZS1kZXYvdXMtY2VudHJhbDEvaGVsbG9Xb3JsZC9kSW1tY1lBcDhXaw  
 
[debug] [2020-07-23T22:12:28.195Z] <<< HTTP RESPONSE 200 {"content-type":"application/json; charset=UTF-8","vary":"X-Origin, Referer, Origin,Accept-Encoding","date":"Thu, 23 Jul 2020 22:12:28 GMT","server":"ESF","cache-control":"private","x-xss-protection":"0","x-frame-options":"SAMEORIGIN","x-content-type-options":"nosniff","alt-svc":"h3-29=\":443\"; ma=2592000,h3-27=\":443\"; ma=2592000,h3-T050=\":443\"; ma=2592000,h3-Q050=\":443\"; ma=2592000,h3-Q046=\":443\"; ma=2592000,h3-Q043=\":443\"; ma=2592000,quic=\":443\"; ma=2592000; v=\"46,43\"","accept-ranges":"none","transfer-encoding":"chunked"}
[debug] [2020-07-23T22:12:30.201Z] >>> HTTP REQUEST GET https://cloudfunctions.googleapis.com/v1/operations/d2F2ZXNjcmFwZS1kZXYvdXMtY2VudHJhbDEvaGVsbG9Xb3JsZC9kSW1tY1lBcDhXaw  
 
[debug] [2020-07-23T22:12:30.492Z] <<< HTTP RESPONSE 200 {"content-type":"application/json; charset=UTF-8","vary":"X-Origin, Referer, Origin,Accept-Encoding","date":"Thu, 23 Jul 2020 22:12:30 GMT","server":"ESF","cache-control":"private","x-xss-protection":"0","x-frame-options":"SAMEORIGIN","x-content-type-options":"nosniff","alt-svc":"h3-29=\":443\"; ma=2592000,h3-27=\":443\"; ma=2592000,h3-T050=\":443\"; ma=2592000,h3-Q050=\":443\"; ma=2592000,h3-Q046=\":443\"; ma=2592000,h3-Q043=\":443\"; ma=2592000,quic=\":443\"; ma=2592000; v=\"46,43\"","accept-ranges":"none","transfer-encoding":"chunked"}
[debug] [2020-07-23T22:12:32.498Z] >>> HTTP REQUEST GET https://cloudfunctions.googleapis.com/v1/operations/d2F2ZXNjcmFwZS1kZXYvdXMtY2VudHJhbDEvaGVsbG9Xb3JsZC9kSW1tY1lBcDhXaw  
 
[debug] [2020-07-23T22:12:32.701Z] <<< HTTP RESPONSE 200 {"content-type":"application/json; charset=UTF-8","vary":"X-Origin, Referer, Origin,Accept-Encoding","date":"Thu, 23 Jul 2020 22:12:32 GMT","server":"ESF","cache-control":"private","x-xss-protection":"0","x-frame-options":"SAMEORIGIN","x-content-type-options":"nosniff","alt-svc":"h3-29=\":443\"; ma=2592000,h3-27=\":443\"; ma=2592000,h3-T050=\":443\"; ma=2592000,h3-Q050=\":443\"; ma=2592000,h3-Q046=\":443\"; ma=2592000,h3-Q043=\":443\"; ma=2592000,quic=\":443\"; ma=2592000; v=\"46,43\"","accept-ranges":"none","transfer-encoding":"chunked"}
[debug] [2020-07-23T22:12:34.703Z] >>> HTTP REQUEST GET https://cloudfunctions.googleapis.com/v1/operations/d2F2ZXNjcmFwZS1kZXYvdXMtY2VudHJhbDEvaGVsbG9Xb3JsZC9kSW1tY1lBcDhXaw  
 
[debug] [2020-07-23T22:12:34.941Z] <<< HTTP RESPONSE 200 {"content-type":"application/json; charset=UTF-8","vary":"X-Origin, Referer, Origin,Accept-Encoding","date":"Thu, 23 Jul 2020 22:12:34 GMT","server":"ESF","cache-control":"private","x-xss-protection":"0","x-frame-options":"SAMEORIGIN","x-content-type-options":"nosniff","alt-svc":"h3-29=\":443\"; ma=2592000,h3-27=\":443\"; ma=2592000,h3-T050=\":443\"; ma=2592000,h3-Q050=\":443\"; ma=2592000,h3-Q046=\":443\"; ma=2592000,h3-Q043=\":443\"; ma=2592000,quic=\":443\"; ma=2592000; v=\"46,43\"","accept-ranges":"none","transfer-encoding":"chunked"}
[debug] [2020-07-23T22:12:36.947Z] >>> HTTP REQUEST GET https://cloudfunctions.googleapis.com/v1/operations/d2F2ZXNjcmFwZS1kZXYvdXMtY2VudHJhbDEvaGVsbG9Xb3JsZC9kSW1tY1lBcDhXaw  
 
[debug] [2020-07-23T22:12:37.149Z] <<< HTTP RESPONSE 200 {"content-type":"application/json; charset=UTF-8","vary":"X-Origin, Referer, Origin,Accept-Encoding","date":"Thu, 23 Jul 2020 22:12:37 GMT","server":"ESF","cache-control":"private","x-xss-protection":"0","x-frame-options":"SAMEORIGIN","x-content-type-options":"nosniff","alt-svc":"h3-29=\":443\"; ma=2592000,h3-27=\":443\"; ma=2592000,h3-T050=\":443\"; ma=2592000,h3-Q050=\":443\"; ma=2592000,h3-Q046=\":443\"; ma=2592000,h3-Q043=\":443\"; ma=2592000,quic=\":443\"; ma=2592000; v=\"46,43\"","accept-ranges":"none","transfer-encoding":"chunked"}
[debug] [2020-07-23T22:12:39.150Z] >>> HTTP REQUEST GET https://cloudfunctions.googleapis.com/v1/operations/d2F2ZXNjcmFwZS1kZXYvdXMtY2VudHJhbDEvaGVsbG9Xb3JsZC9kSW1tY1lBcDhXaw  
 
[debug] [2020-07-23T22:12:39.363Z] <<< HTTP RESPONSE 200 {"content-type":"application/json; charset=UTF-8","vary":"X-Origin, Referer, Origin,Accept-Encoding","date":"Thu, 23 Jul 2020 22:12:39 GMT","server":"ESF","cache-control":"private","x-xss-protection":"0","x-frame-options":"SAMEORIGIN","x-content-type-options":"nosniff","alt-svc":"h3-29=\":443\"; ma=2592000,h3-27=\":443\"; ma=2592000,h3-T050=\":443\"; ma=2592000,h3-Q050=\":443\"; ma=2592000,h3-Q046=\":443\"; ma=2592000,h3-Q043=\":443\"; ma=2592000,quic=\":443\"; ma=2592000; v=\"46,43\"","accept-ranges":"none","transfer-encoding":"chunked"}
[debug] [2020-07-23T22:12:41.366Z] >>> HTTP REQUEST GET https://cloudfunctions.googleapis.com/v1/operations/d2F2ZXNjcmFwZS1kZXYvdXMtY2VudHJhbDEvaGVsbG9Xb3JsZC9kSW1tY1lBcDhXaw  
 
[debug] [2020-07-23T22:12:41.580Z] <<< HTTP RESPONSE 200 {"content-type":"application/json; charset=UTF-8","vary":"X-Origin, Referer, Origin,Accept-Encoding","date":"Thu, 23 Jul 2020 22:12:41 GMT","server":"ESF","cache-control":"private","x-xss-protection":"0","x-frame-options":"SAMEORIGIN","x-content-type-options":"nosniff","alt-svc":"h3-29=\":443\"; ma=2592000,h3-27=\":443\"; ma=2592000,h3-T050=\":443\"; ma=2592000,h3-Q050=\":443\"; ma=2592000,h3-Q046=\":443\"; ma=2592000,h3-Q043=\":443\"; ma=2592000,quic=\":443\"; ma=2592000; v=\"46,43\"","accept-ranges":"none","transfer-encoding":"chunked"}
[debug] [2020-07-23T22:12:43.585Z] >>> HTTP REQUEST GET https://cloudfunctions.googleapis.com/v1/operations/d2F2ZXNjcmFwZS1kZXYvdXMtY2VudHJhbDEvaGVsbG9Xb3JsZC9kSW1tY1lBcDhXaw  
 
[debug] [2020-07-23T22:12:43.824Z] <<< HTTP RESPONSE 200 {"content-type":"application/json; charset=UTF-8","vary":"X-Origin, Referer, Origin,Accept-Encoding","date":"Thu, 23 Jul 2020 22:12:43 GMT","server":"ESF","cache-control":"private","x-xss-protection":"0","x-frame-options":"SAMEORIGIN","x-content-type-options":"nosniff","alt-svc":"h3-29=\":443\"; ma=2592000,h3-27=\":443\"; ma=2592000,h3-T050=\":443\"; ma=2592000,h3-Q050=\":443\"; ma=2592000,h3-Q046=\":443\"; ma=2592000,h3-Q043=\":443\"; ma=2592000,quic=\":443\"; ma=2592000; v=\"46,43\"","accept-ranges":"none","transfer-encoding":"chunked"}
[debug] [2020-07-23T22:12:45.831Z] >>> HTTP REQUEST GET https://cloudfunctions.googleapis.com/v1/operations/d2F2ZXNjcmFwZS1kZXYvdXMtY2VudHJhbDEvaGVsbG9Xb3JsZC9kSW1tY1lBcDhXaw  
 
[debug] [2020-07-23T22:12:46.041Z] <<< HTTP RESPONSE 200 {"content-type":"application/json; charset=UTF-8","vary":"X-Origin, Referer, Origin,Accept-Encoding","date":"Thu, 23 Jul 2020 22:12:46 GMT","server":"ESF","cache-control":"private","x-xss-protection":"0","x-frame-options":"SAMEORIGIN","x-content-type-options":"nosniff","alt-svc":"h3-29=\":443\"; ma=2592000,h3-27=\":443\"; ma=2592000,h3-T050=\":443\"; ma=2592000,h3-Q050=\":443\"; ma=2592000,h3-Q046=\":443\"; ma=2592000,h3-Q043=\":443\"; ma=2592000,quic=\":443\"; ma=2592000; v=\"46,43\"","accept-ranges":"none","transfer-encoding":"chunked"}
